c:\users\matthew\desktop\shrdfldr\shapespewpeww\shapespewpeww\debug\vc120.pdb
c:\users\matthew\desktop\shrdfldr\shapespewpeww\shapespewpeww\debug\vc120.idb
c:\users\matthew\desktop\shrdfldr\shapespewpeww\shapespewpeww\debug\ccamera.obj
c:\users\matthew\desktop\shrdfldr\shapespewpeww\shapespewpeww\debug\cclock.obj
c:\users\matthew\desktop\shrdfldr\shapespewpeww\shapespewpeww\debug\ceventmanager.obj
c:\users\matthew\desktop\shrdfldr\shapespewpeww\shapespewpeww\debug\cglbuffer.obj
c:\users\matthew\desktop\shrdfldr\shapespewpeww\shapespewpeww\debug\cglbuffermanager.obj
c:\users\matthew\desktop\shrdfldr\shapespewpeww\shapespewpeww\debug\cglshadermanager.obj
c:\users\matthew\desktop\shrdfldr\shapespewpeww\shapespewpeww\debug\clocation.obj
c:\users\matthew\desktop\shrdfldr\shapespewpeww\shapespewpeww\debug\cmap.obj
c:\users\matthew\desktop\shrdfldr\shapespewpeww\shapespewpeww\debug\cmapchunk.obj
c:\users\matthew\desktop\shrdfldr\shapespewpeww\shapespewpeww\debug\cplayer.obj
c:\users\matthew\desktop\shrdfldr\shapespewpeww\shapespewpeww\debug\csdlmanager.obj
c:\users\matthew\desktop\shrdfldr\shapespewpeww\shapespewpeww\debug\csession.obj
c:\users\matthew\desktop\shrdfldr\shapespewpeww\shapespewpeww\debug\cglshader.obj
c:\users\matthew\desktop\shrdfldr\shapespewpeww\shapespewpeww\debug\iunit.obj
c:\users\matthew\desktop\shrdfldr\shapespewpeww\shapespewpeww\debug\main.obj
c:\users\matthew\desktop\shrdfldr\shapespewpeww\debug\shapespewpeww.ilk
c:\users\matthew\desktop\shrdfldr\shapespewpeww\debug\shapespewpeww.exe
c:\users\matthew\desktop\shrdfldr\shapespewpeww\debug\shapespewpeww.pdb
c:\users\matthew\desktop\shrdfldr\shapespewpeww\shapespewpeww\debug\shapespewpeww.tlog\cl.command.1.tlog
c:\users\matthew\desktop\shrdfldr\shapespewpeww\shapespewpeww\debug\shapespewpeww.tlog\cl.read.1.tlog
c:\users\matthew\desktop\shrdfldr\shapespewpeww\shapespewpeww\debug\shapespewpeww.tlog\cl.write.1.tlog
c:\users\matthew\desktop\shrdfldr\shapespewpeww\shapespewpeww\debug\shapespewpeww.tlog\link.command.1.tlog
c:\users\matthew\desktop\shrdfldr\shapespewpeww\shapespewpeww\debug\shapespewpeww.tlog\link.read.1.tlog
c:\users\matthew\desktop\shrdfldr\shapespewpeww\shapespewpeww\debug\shapespewpeww.tlog\link.write.1.tlog
