Build started 9/19/2014 1:34:21 PM.
     1>Project "C:\Users\Matthew\Documents\Visual Studio 2013\Projects\Project7\Project7\Project7.vcxproj" on node 2 (Build target(s)).
     1>ClCompile:
         C:\Program Files (x86)\Microsoft Visual Studio 12.0\VC\bin\CL.exe /c /I".\dev\glew-1.10.0\include" /I.\dev\glm /I".\dev\SDL2-2.0.3\include" /I".\dev\jsoncpp-master\include" /ZI /nologo /W3 /WX- /sdl /Od /Oy- /D _MBCS /Gm /EHsc /RTC1 /MDd /GS /fp:precise /Zc:wchar_t /Zc:forScope /Fo"Debug\\" /Fd"Debug\vc120.pdb" /Gd /TP /analyze- /errorReport:prompt CSession.cpp main.cpp
         CSession.cpp
     1>c:\users\matthew\documents\visual studio 2013\projects\project7\project7\csession.cpp(16): warning C4244: 'argument' : conversion from 'double' to 'GLsizei', possible loss of data
         Generating Code...
         Compiling...
         main.cpp
         Generating Code...
       Link:
         C:\Program Files (x86)\Microsoft Visual Studio 12.0\VC\bin\link.exe /ERRORREPORT:PROMPT /OUT:"C:\Users\Matthew\Documents\Visual Studio 2013\Projects\Project7\Debug\Project7.exe" /INCREMENTAL /NOLOGO /LIBPATH:".\dev\glew-1.10.0\lib\Release\Win32" /LIBPATH:".\dev\jsoncpp-master\makefiles\msvc2010\Release" /LIBPATH:".\dev\SDL2-2.0.3\lib\x86" SDL2main.lib SDL2.lib opengl32.lib glu32.lib glew32.lib lib_json.lib kernel32.lib user32.lib gdi32.lib winspool.lib comdlg32.lib advapi32.lib shell32.lib ole32.lib oleaut32.lib uuid.lib odbc32.lib odbccp32.lib /MANIFEST /MANIFESTUAC:"level='asInvoker' uiAccess='false'" /manifest:embed /DEBUG /PDB:"C:\Users\Matthew\Documents\Visual Studio 2013\Projects\Project7\Debug\Project7.pdb" /SUBSYSTEM:CONSOLE /TLBID:1 /DYNAMICBASE /NXCOMPAT /IMPLIB:"C:\Users\Matthew\Documents\Visual Studio 2013\Projects\Project7\Debug\Project7.lib" /MACHINE:X86 Debug\CEventManager.obj
         Debug\CGLManager.obj
         Debug\CLocation.obj
         Debug\CModel.obj
         Debug\CSDLManager.obj
         Debug\CSession.obj
         Debug\CShader.obj
         Debug\main.obj
         lib_json.lib(json_value.obj) : MSIL .netmodule or module compiled with /GL found; restarting link with /LTCG; add /LTCG to the link command line to improve linker performance
     1>LINK : warning LNK4075: ignoring '/INCREMENTAL' due to '/LTCG' specification
     1>CEventManager.obj : warning LNK4075: ignoring '/EDITANDCONTINUE' due to '/OPT:LBR' specification
     1>lib_json.lib(json_value.obj) : error LNK2038: mismatch detected for '_ITERATOR_DEBUG_LEVEL': value '0' doesn't match value '2' in CEventManager.obj
     1>lib_json.lib(json_value.obj) : error LNK2038: mismatch detected for 'RuntimeLibrary': value 'MT_StaticRelease' doesn't match value 'MDd_DynamicDebug' in CEventManager.obj
     1>lib_json.lib(json_reader.obj) : error LNK2038: mismatch detected for '_ITERATOR_DEBUG_LEVEL': value '0' doesn't match value '2' in CEventManager.obj
     1>lib_json.lib(json_reader.obj) : error LNK2038: mismatch detected for 'RuntimeLibrary': value 'MT_StaticRelease' doesn't match value 'MDd_DynamicDebug' in CEventManager.obj
     1>lib_json.lib(json_writer.obj) : error LNK2038: mismatch detected for '_ITERATOR_DEBUG_LEVEL': value '0' doesn't match value '2' in CEventManager.obj
     1>lib_json.lib(json_writer.obj) : error LNK2038: mismatch detected for 'RuntimeLibrary': value 'MT_StaticRelease' doesn't match value 'MDd_DynamicDebug' in CEventManager.obj
     1>libcpmt.lib(locale0.obj) : error LNK2038: mismatch detected for '_ITERATOR_DEBUG_LEVEL': value '0' doesn't match value '2' in CEventManager.obj
     1>libcpmt.lib(locale0.obj) : error LNK2038: mismatch detected for 'RuntimeLibrary': value 'MT_StaticRelease' doesn't match value 'MDd_DynamicDebug' in CEventManager.obj
     1>libcpmt.lib(ios.obj) : error LNK2038: mismatch detected for '_ITERATOR_DEBUG_LEVEL': value '0' doesn't match value '2' in CEventManager.obj
     1>libcpmt.lib(ios.obj) : error LNK2038: mismatch detected for 'RuntimeLibrary': value 'MT_StaticRelease' doesn't match value 'MDd_DynamicDebug' in CEventManager.obj
     1>libcpmt.lib(iosptrs.obj) : error LNK2038: mismatch detected for '_ITERATOR_DEBUG_LEVEL': value '0' doesn't match value '2' in CEventManager.obj
     1>libcpmt.lib(iosptrs.obj) : error LNK2038: mismatch detected for 'RuntimeLibrary': value 'MT_StaticRelease' doesn't match value 'MDd_DynamicDebug' in CEventManager.obj
     1>libcpmt.lib(locale.obj) : error LNK2038: mismatch detected for '_ITERATOR_DEBUG_LEVEL': value '0' doesn't match value '2' in CEventManager.obj
     1>libcpmt.lib(locale.obj) : error LNK2038: mismatch detected for 'RuntimeLibrary': value 'MT_StaticRelease' doesn't match value 'MDd_DynamicDebug' in CEventManager.obj
     1>libcpmt.lib(xlock.obj) : error LNK2038: mismatch detected for '_ITERATOR_DEBUG_LEVEL': value '0' doesn't match value '2' in CEventManager.obj
     1>libcpmt.lib(xlock.obj) : error LNK2038: mismatch detected for 'RuntimeLibrary': value 'MT_StaticRelease' doesn't match value 'MDd_DynamicDebug' in CEventManager.obj
     1>libcpmt.lib(xthrow.obj) : error LNK2038: mismatch detected for '_ITERATOR_DEBUG_LEVEL': value '0' doesn't match value '2' in CEventManager.obj
     1>libcpmt.lib(xthrow.obj) : error LNK2038: mismatch detected for 'RuntimeLibrary': value 'MT_StaticRelease' doesn't match value 'MDd_DynamicDebug' in CEventManager.obj
     1>libcpmt.lib(wlocale.obj) : error LNK2038: mismatch detected for '_ITERATOR_DEBUG_LEVEL': value '0' doesn't match value '2' in CEventManager.obj
     1>libcpmt.lib(wlocale.obj) : error LNK2038: mismatch detected for 'RuntimeLibrary': value 'MT_StaticRelease' doesn't match value 'MDd_DynamicDebug' in CEventManager.obj
     1>libcpmt.lib(xlocale.obj) : error LNK2038: mismatch detected for '_ITERATOR_DEBUG_LEVEL': value '0' doesn't match value '2' in CEventManager.obj
     1>libcpmt.lib(xlocale.obj) : error LNK2038: mismatch detected for 'RuntimeLibrary': value 'MT_StaticRelease' doesn't match value 'MDd_DynamicDebug' in CEventManager.obj
     1>libcpmt.lib(xdateord.obj) : error LNK2038: mismatch detected for '_ITERATOR_DEBUG_LEVEL': value '0' doesn't match value '2' in CEventManager.obj
     1>libcpmt.lib(xdateord.obj) : error LNK2038: mismatch detected for 'RuntimeLibrary': value 'MT_StaticRelease' doesn't match value 'MDd_DynamicDebug' in CEventManager.obj
     1>LIBCMT.lib(fpinit.obj) : error LNK2005: __fltused already defined in a previous module
     1>LIBCMT.lib(fpinit.obj) : error LNK2005: __ldused already defined in a previous module
     1>LIBCMT.lib(crt0init.obj) : error LNK2005: ___xi_a already defined in MSVCRTD.lib(cinitexe.obj)
     1>LIBCMT.lib(crt0init.obj) : error LNK2005: ___xi_z already defined in MSVCRTD.lib(cinitexe.obj)
     1>LIBCMT.lib(crt0init.obj) : error LNK2005: ___xc_a already defined in MSVCRTD.lib(cinitexe.obj)
     1>LIBCMT.lib(crt0init.obj) : error LNK2005: ___xc_z already defined in MSVCRTD.lib(cinitexe.obj)
     1>LINK : warning LNK4098: defaultlib 'MSVCRTD' conflicts with use of other libs; use /NODEFAULTLIB:library
     1>LINK : warning LNK4098: defaultlib 'LIBCMT' conflicts with use of other libs; use /NODEFAULTLIB:library
     1>MSVCRTD.lib(cinitexe.obj) : warning LNK4098: defaultlib 'msvcrt.lib' conflicts with use of other libs; use /NODEFAULTLIB:library
     1>C:\Users\Matthew\Documents\Visual Studio 2013\Projects\Project7\Debug\Project7.exe : fatal error LNK1169: one or more multiply defined symbols found
     1>Done Building Project "C:\Users\Matthew\Documents\Visual Studio 2013\Projects\Project7\Project7\Project7.vcxproj" (Build target(s)) -- FAILED.

Build FAILED.

Time Elapsed 00:00:06.59
